<?xml version="1.0" encoding="UTF-8"?>
<!-- Generated by org.testng.reporters.JUnitXMLReporter -->
<testsuite hostname="Yuvan-HP-New" ignored="0" name="ChromeTest" tests="14" failures="0" timestamp="2021-01-12T15:18:12 CET" time="19.251" errors="0">
  <testcase name="urlVerification" time="3.334" classname="com.flipkart.testng.FlipkartTest"/>
  <testcase name="modalAlertButtonVerification" time="0.075" classname="com.flipkart.testng.FlipkartTest"/>
  <testcase name="hoverMenuElectronicsMiVerification" time="1.818" classname="com.flipkart.testng.FlipkartTest"/>
  <testcase name="labelVerification" time="0.033" classname="com.flipkart.testng.FlipkartTest"/>
  <testcase name="sliderVerification" time="1.493" classname="com.flipkart.testng.FlipkartTest"/>
  <testcase name="dropdownSelectionVerification" time="1.137" classname="com.flipkart.testng.FlipkartTest"/>
  <testcase name="searchVerification" time="0.093" classname="com.flipkart.testng.FlipkartTest"/>
  <testcase name="selectFirstElementVerification" time="0.595" classname="com.flipkart.testng.FlipkartTest"/>
  <testcase name="switchToNewWindowVerification" time="0.035" classname="com.flipkart.testng.FlipkartTest"/>
  <testcase name="priceVerification" time="2.084" classname="com.flipkart.testng.FlipkartTest"/>
  <testcase name="videoThumbnailVerification" time="1.192" classname="com.flipkart.testng.FlipkartTest"/>
  <testcase name="keyboardEventVerification" time="2.098" classname="com.flipkart.testng.FlipkartTest"/>
  <testcase name="viewDetailsVerification" time="1.342" classname="com.flipkart.testng.FlipkartTest"/>
  <testcase name="addToCartVerification" time="0.216" classname="com.flipkart.testng.FlipkartTest"/>
</testsuite> <!-- ChromeTest -->
