<?xml version="1.0" encoding="UTF-8"?>
<!-- Generated by org.testng.reporters.JUnitXMLReporter -->
<testsuite hostname="Yuvan-HP-New" ignored="0" name="FirefoxTest" tests="14" failures="0" timestamp="2021-01-12T15:18:48 CET" time="36.52" errors="0">
  <testcase name="urlVerification" time="6.034" classname="com.flipkart.testng.FlipkartTest"/>
  <testcase name="modalAlertButtonVerification" time="0.332" classname="com.flipkart.testng.FlipkartTest"/>
  <testcase name="hoverMenuElectronicsMiVerification" time="5.631" classname="com.flipkart.testng.FlipkartTest"/>
  <testcase name="labelVerification" time="0.056" classname="com.flipkart.testng.FlipkartTest"/>
  <testcase name="sliderVerification" time="1.579" classname="com.flipkart.testng.FlipkartTest"/>
  <testcase name="dropdownSelectionVerification" time="1.596" classname="com.flipkart.testng.FlipkartTest"/>
  <testcase name="searchVerification" time="0.306" classname="com.flipkart.testng.FlipkartTest"/>
  <testcase name="selectFirstElementVerification" time="0.122" classname="com.flipkart.testng.FlipkartTest"/>
  <testcase name="switchToNewWindowVerification" time="0.295" classname="com.flipkart.testng.FlipkartTest"/>
  <testcase name="priceVerification" time="1.146" classname="com.flipkart.testng.FlipkartTest"/>
  <testcase name="videoThumbnailVerification" time="10.11" classname="com.flipkart.testng.FlipkartTest"/>
  <testcase name="keyboardEventVerification" time="3.231" classname="com.flipkart.testng.FlipkartTest"/>
  <testcase name="viewDetailsVerification" time="1.75" classname="com.flipkart.testng.FlipkartTest"/>
  <testcase name="addToCartVerification" time="0.284" classname="com.flipkart.testng.FlipkartTest"/>
</testsuite> <!-- FirefoxTest -->
