<?xml version="1.0" encoding="UTF-8"?>
<!-- Generated by org.testng.reporters.JUnitXMLReporter -->
<testsuite hostname="Yuvan-HP-New" ignored="0" name="Test" tests="14" failures="0" timestamp="2021-01-12T14:23:14 CET" time="19.219" errors="0">
  <testcase name="urlVerification" time="3.379" classname="com.flipkart.testng.FlipkartTest"/>
  <testcase name="modalAlertButtonVerification" time="0.076" classname="com.flipkart.testng.FlipkartTest"/>
  <testcase name="hoverMenuElectronicsMiVerification" time="1.865" classname="com.flipkart.testng.FlipkartTest"/>
  <testcase name="labelVerification" time="0.036" classname="com.flipkart.testng.FlipkartTest"/>
  <testcase name="sliderVerification" time="1.465" classname="com.flipkart.testng.FlipkartTest"/>
  <testcase name="dropdownSelectionVerification" time="1.135" classname="com.flipkart.testng.FlipkartTest"/>
  <testcase name="searchVerification" time="0.107" classname="com.flipkart.testng.FlipkartTest"/>
  <testcase name="selectFirstElementVerification" time="0.485" classname="com.flipkart.testng.FlipkartTest"/>
  <testcase name="switchToNewWindowVerification" time="0.017" classname="com.flipkart.testng.FlipkartTest"/>
  <testcase name="priceVerification" time="2.073" classname="com.flipkart.testng.FlipkartTest"/>
  <testcase name="videoThumbnailVerification" time="1.192" classname="com.flipkart.testng.FlipkartTest"/>
  <testcase name="keyboardEventVerification" time="2.182" classname="com.flipkart.testng.FlipkartTest"/>
  <testcase name="viewDetailsVerification" time="1.292" classname="com.flipkart.testng.FlipkartTest"/>
  <testcase name="addToCartVerification" time="0.205" classname="com.flipkart.testng.FlipkartTest"/>
</testsuite> <!-- Test -->
